<?xml version="1.0" encoding="UTF-8"?>
<!-- Generated by org.testng.reporters.JUnitReportReporter -->
<testsuite hostname="DESKTOP-1KMDQFU" failures="0" tests="2" name="testngs.Tests" time="13.053" errors="0" timestamp="2023-09-26T15:18:00 IST" skipped="0">
  <testcase classname="testngs.Tests" name="test2" time="7.940"/>
  <testcase classname="testngs.Tests" name="Browsertest" time="5.113"/>
</testsuite> <!-- testngs.Tests -->
